<?xml version="1.0" encoding="UTF-8"?>
<!-- Generated by org.testng.reporters.JUnitReportReporter -->
<testsuite hostname="LAPTOP-Sachein" failures="0" tests="1" name="testcomponent.SmokeTesting" time="122.952" errors="0" timestamp="2023-06-20T11:12:49 IST" skipped="0">
  <testcase classname="testcomponent.SmokeTesting" name="test06" time="122.952"/>
  <system-out/>
</testsuite> <!-- testcomponent.SmokeTesting -->
