<?xml version="1.0" encoding="UTF-8"?>
<!-- Generated by org.testng.reporters.JUnitReportReporter -->
<testsuite hostname="LAPTOP-Sachein" failures="0" tests="1" name="enginecomponent.Base" time="25.488" errors="0" timestamp="2023-06-17T11:00:18 IST" skipped="0">
  <testcase classname="enginecomponent.Base" name="beforeTest" time="25.488"/>
  <system-out/>
</testsuite> <!-- enginecomponent.Base -->
