<?xml version="1.0" encoding="UTF-8"?>
<!-- Generated by org.testng.reporters.JUnitReportReporter -->
<testsuite hostname="LAPTOP-Sachein" failures="0" tests="1" name="testcomponent.SmokeTesting" time="48.294" errors="0" timestamp="2023-06-18T23:02:38 IST" skipped="0">
  <testcase classname="testcomponent.SmokeTesting" name="test05" time="48.294"/>
  <system-out/>
</testsuite> <!-- testcomponent.SmokeTesting -->
